2025-06-28 01:34:08,501 CRIT Supervisor is running as root.  Privileges were not dropped because no user is specified in the config file.  If you intend to run as root, you can set user=root in the config file to avoid this message.
2025-06-28 01:34:08,508 INFO supervisord started with pid 1
2025-06-28 01:34:09,514 INFO spawned: 'nginx' with pid 7
2025-06-28 01:34:09,517 INFO spawned: 'php-fpm' with pid 8
2025-06-28 01:34:09,525 WARN exited: nginx (exit status 1; not expected)
2025-06-28 01:34:10,637 INFO spawned: 'nginx' with pid 11
2025-06-28 01:34:10,638 INFO success: php-fpm entered RUNNING state, process has stayed up for > than 1 seconds (startsecs)
2025-06-28 01:34:10,650 WARN exited: nginx (exit status 1; not expected)
2025-06-28 01:34:12,655 INFO spawned: 'nginx' with pid 12
2025-06-28 01:34:12,663 WARN exited: nginx (exit status 1; not expected)
2025-06-28 01:34:15,669 INFO spawned: 'nginx' with pid 13
2025-06-28 01:34:15,677 WARN exited: nginx (exit status 1; not expected)
2025-06-28 01:34:16,678 INFO gave up: nginx entered FATAL state, too many start retries too quickly
2025-06-28 01:37:20,908 WARN received SIGQUIT indicating exit request
2025-06-28 01:37:20,910 INFO waiting for php-fpm to die
2025-06-28 01:37:20,919 INFO stopped: php-fpm (exit status 0)
2025-06-28 01:42:44,520 CRIT Supervisor is running as root.  Privileges were not dropped because no user is specified in the config file.  If you intend to run as root, you can set user=root in the config file to avoid this message.
2025-06-28 01:42:44,527 INFO supervisord started with pid 1
2025-06-28 01:42:45,532 INFO spawned: 'nginx' with pid 7
2025-06-28 01:42:45,535 INFO spawned: 'php-fpm' with pid 8
2025-06-28 01:42:45,541 WARN exited: nginx (exit status 1; not expected)
2025-06-28 01:42:46,587 INFO spawned: 'nginx' with pid 11
2025-06-28 01:42:46,588 INFO success: php-fpm entered RUNNING state, process has stayed up for > than 1 seconds (startsecs)
2025-06-28 01:42:46,594 WARN exited: nginx (exit status 1; not expected)
2025-06-28 01:42:48,599 INFO spawned: 'nginx' with pid 12
2025-06-28 01:42:48,606 WARN exited: nginx (exit status 1; not expected)
2025-06-28 01:42:51,614 INFO spawned: 'nginx' with pid 13
2025-06-28 01:42:51,626 WARN exited: nginx (exit status 1; not expected)
2025-06-28 01:42:51,627 INFO gave up: nginx entered FATAL state, too many start retries too quickly
2025-06-28 01:59:49,924 WARN received SIGQUIT indicating exit request
2025-06-28 01:59:49,925 INFO waiting for php-fpm to die
2025-06-28 01:59:49,947 INFO stopped: php-fpm (exit status 0)
2025-06-28 02:06:29,592 CRIT Supervisor is running as root.  Privileges were not dropped because no user is specified in the config file.  If you intend to run as root, you can set user=root in the config file to avoid this message.
2025-06-28 02:06:29,603 INFO supervisord started with pid 1
2025-06-28 02:06:30,607 INFO spawned: 'nginx' with pid 7
2025-06-28 02:06:30,610 INFO spawned: 'php-fpm' with pid 8
2025-06-28 02:06:30,622 WARN exited: nginx (exit status 1; not expected)
2025-06-28 02:06:31,665 INFO spawned: 'nginx' with pid 11
2025-06-28 02:06:31,667 INFO success: php-fpm entered RUNNING state, process has stayed up for > than 1 seconds (startsecs)
2025-06-28 02:06:31,674 WARN exited: nginx (exit status 1; not expected)
2025-06-28 02:06:33,679 INFO spawned: 'nginx' with pid 12
2025-06-28 02:06:33,687 WARN exited: nginx (exit status 1; not expected)
2025-06-28 02:06:36,695 INFO spawned: 'nginx' with pid 13
2025-06-28 02:06:36,703 WARN exited: nginx (exit status 1; not expected)
2025-06-28 02:06:37,705 INFO gave up: nginx entered FATAL state, too many start retries too quickly
2025-06-28 02:25:12,774 WARN received SIGQUIT indicating exit request
2025-06-28 02:25:12,775 INFO waiting for php-fpm to die
2025-06-28 02:25:12,795 INFO stopped: php-fpm (exit status 0)
2025-06-28 02:32:18,177 CRIT Supervisor is running as root.  Privileges were not dropped because no user is specified in the config file.  If you intend to run as root, you can set user=root in the config file to avoid this message.
2025-06-28 02:32:18,187 INFO supervisord started with pid 1
2025-06-28 02:32:19,191 INFO spawned: 'nginx' with pid 7
2025-06-28 02:32:19,194 INFO spawned: 'php-fpm' with pid 8
2025-06-28 02:32:19,208 WARN exited: nginx (exit status 1; not expected)
2025-06-28 02:32:20,251 INFO spawned: 'nginx' with pid 11
2025-06-28 02:32:20,252 INFO success: php-fpm entered RUNNING state, process has stayed up for > than 1 seconds (startsecs)
2025-06-28 02:32:20,259 WARN exited: nginx (exit status 1; not expected)
2025-06-28 02:32:22,265 INFO spawned: 'nginx' with pid 12
2025-06-28 02:32:22,273 WARN exited: nginx (exit status 1; not expected)
2025-06-28 02:32:25,280 INFO spawned: 'nginx' with pid 13
2025-06-28 02:32:25,287 WARN exited: nginx (exit status 1; not expected)
2025-06-28 02:32:26,289 INFO gave up: nginx entered FATAL state, too many start retries too quickly
2025-06-28 02:47:55,369 WARN received SIGQUIT indicating exit request
2025-06-28 02:47:55,370 INFO waiting for php-fpm to die
2025-06-28 02:47:55,395 INFO stopped: php-fpm (exit status 0)
2025-06-28 03:05:43,615 CRIT Supervisor is running as root.  Privileges were not dropped because no user is specified in the config file.  If you intend to run as root, you can set user=root in the config file to avoid this message.
2025-06-28 03:05:43,624 INFO supervisord started with pid 1
2025-06-28 03:05:44,628 INFO spawned: 'nginx' with pid 7
2025-06-28 03:05:44,631 INFO spawned: 'php-fpm' with pid 8
2025-06-28 03:05:45,696 INFO success: nginx entered RUNNING state, process has stayed up for > than 1 seconds (startsecs)
2025-06-28 03:05:45,696 INFO success: php-fpm entered RUNNING state, process has stayed up for > than 1 seconds (startsecs)
2025-06-28 03:05:48,002 WARN exited: nginx (exit status 1; not expected)
2025-06-28 03:05:49,007 INFO spawned: 'nginx' with pid 11
2025-06-28 03:05:50,009 INFO success: nginx entered RUNNING state, process has stayed up for > than 1 seconds (startsecs)
2025-06-28 03:05:52,311 WARN exited: nginx (exit status 1; not expected)
2025-06-28 03:05:53,316 INFO spawned: 'nginx' with pid 12
2025-06-28 03:05:54,318 INFO success: nginx entered RUNNING state, process has stayed up for > than 1 seconds (startsecs)
2025-06-28 03:05:56,636 WARN exited: nginx (exit status 1; not expected)
2025-06-28 03:05:57,639 INFO spawned: 'nginx' with pid 13
2025-06-28 03:05:58,642 INFO success: nginx entered RUNNING state, process has stayed up for > than 1 seconds (startsecs)
2025-06-28 03:06:00,956 WARN exited: nginx (exit status 1; not expected)
2025-06-28 03:06:01,960 INFO spawned: 'nginx' with pid 14
2025-06-28 03:06:02,962 INFO success: nginx entered RUNNING state, process has stayed up for > than 1 seconds (startsecs)
2025-06-28 03:06:05,269 WARN exited: nginx (exit status 1; not expected)
2025-06-28 03:06:06,272 INFO spawned: 'nginx' with pid 15
2025-06-28 03:06:07,275 INFO success: nginx entered RUNNING state, process has stayed up for > than 1 seconds (startsecs)
2025-06-28 03:06:09,599 WARN exited: nginx (exit status 1; not expected)
2025-06-28 03:06:10,603 INFO spawned: 'nginx' with pid 22
2025-06-28 03:06:11,605 INFO success: nginx entered RUNNING state, process has stayed up for > than 1 seconds (startsecs)
2025-06-28 03:06:13,990 WARN exited: nginx (exit status 1; not expected)
2025-06-28 03:06:14,994 INFO spawned: 'nginx' with pid 23
2025-06-28 03:06:15,996 INFO success: nginx entered RUNNING state, process has stayed up for > than 1 seconds (startsecs)
2025-06-28 03:06:18,303 WARN exited: nginx (exit status 1; not expected)
2025-06-28 03:06:19,308 INFO spawned: 'nginx' with pid 24
2025-06-28 03:06:20,310 INFO success: nginx entered RUNNING state, process has stayed up for > than 1 seconds (startsecs)
2025-06-28 03:06:22,632 WARN exited: nginx (exit status 1; not expected)
2025-06-28 03:06:23,636 INFO spawned: 'nginx' with pid 25
2025-06-28 03:06:24,639 INFO success: nginx entered RUNNING state, process has stayed up for > than 1 seconds (startsecs)
2025-06-28 03:06:26,951 WARN exited: nginx (exit status 1; not expected)
2025-06-28 03:06:27,955 INFO spawned: 'nginx' with pid 26
2025-06-28 03:06:28,957 INFO success: nginx entered RUNNING state, process has stayed up for > than 1 seconds (startsecs)
2025-06-28 03:06:31,276 WARN exited: nginx (exit status 1; not expected)
2025-06-28 03:06:32,281 INFO spawned: 'nginx' with pid 27
2025-06-28 03:06:33,283 INFO success: nginx entered RUNNING state, process has stayed up for > than 1 seconds (startsecs)
2025-06-28 03:06:35,587 WARN exited: nginx (exit status 1; not expected)
2025-06-28 03:06:36,591 INFO spawned: 'nginx' with pid 28
2025-06-28 03:06:37,593 INFO success: nginx entered RUNNING state, process has stayed up for > than 1 seconds (startsecs)
2025-06-28 03:06:39,972 WARN exited: nginx (exit status 1; not expected)
2025-06-28 03:06:40,976 INFO spawned: 'nginx' with pid 29
2025-06-28 03:06:41,978 INFO success: nginx entered RUNNING state, process has stayed up for > than 1 seconds (startsecs)
2025-06-28 03:06:44,302 WARN exited: nginx (exit status 1; not expected)
2025-06-28 03:06:45,306 INFO spawned: 'nginx' with pid 30
2025-06-28 03:06:46,306 INFO success: nginx entered RUNNING state, process has stayed up for > than 1 seconds (startsecs)
2025-06-28 03:06:48,624 WARN exited: nginx (exit status 1; not expected)
2025-06-28 03:06:49,627 INFO spawned: 'nginx' with pid 31
2025-06-28 03:06:50,630 INFO success: nginx entered RUNNING state, process has stayed up for > than 1 seconds (startsecs)
2025-06-28 03:06:52,916 WARN exited: nginx (exit status 1; not expected)
2025-06-28 03:06:53,920 INFO spawned: 'nginx' with pid 32
2025-06-28 03:06:54,923 INFO success: nginx entered RUNNING state, process has stayed up for > than 1 seconds (startsecs)
2025-06-28 03:06:57,230 WARN exited: nginx (exit status 1; not expected)
2025-06-28 03:06:58,234 INFO spawned: 'nginx' with pid 33
2025-06-28 03:06:59,236 INFO success: nginx entered RUNNING state, process has stayed up for > than 1 seconds (startsecs)
2025-06-28 03:07:01,551 WARN exited: nginx (exit status 1; not expected)
2025-06-28 03:07:02,555 INFO spawned: 'nginx' with pid 34
2025-06-28 03:07:03,557 INFO success: nginx entered RUNNING state, process has stayed up for > than 1 seconds (startsecs)
2025-06-28 03:07:05,956 WARN exited: nginx (exit status 1; not expected)
2025-06-28 03:07:06,988 INFO spawned: 'nginx' with pid 35
2025-06-28 03:07:07,990 INFO success: nginx entered RUNNING state, process has stayed up for > than 1 seconds (startsecs)
2025-06-28 03:07:10,286 WARN exited: nginx (exit status 1; not expected)
2025-06-28 03:07:11,292 INFO spawned: 'nginx' with pid 36
2025-06-28 03:07:12,305 INFO success: nginx entered RUNNING state, process has stayed up for > than 1 seconds (startsecs)
2025-06-28 03:07:14,653 WARN exited: nginx (exit status 1; not expected)
2025-06-28 03:07:15,657 INFO spawned: 'nginx' with pid 37
2025-06-28 03:07:16,658 INFO success: nginx entered RUNNING state, process has stayed up for > than 1 seconds (startsecs)
2025-06-28 03:07:18,967 WARN exited: nginx (exit status 1; not expected)
2025-06-28 03:07:19,971 INFO spawned: 'nginx' with pid 38
2025-06-28 03:07:20,973 INFO success: nginx entered RUNNING state, process has stayed up for > than 1 seconds (startsecs)
2025-06-28 03:07:23,282 WARN exited: nginx (exit status 1; not expected)
2025-06-28 03:07:24,286 INFO spawned: 'nginx' with pid 39
2025-06-28 03:07:25,288 INFO success: nginx entered RUNNING state, process has stayed up for > than 1 seconds (startsecs)
2025-06-28 03:07:27,599 WARN exited: nginx (exit status 1; not expected)
2025-06-28 03:07:28,603 INFO spawned: 'nginx' with pid 40
2025-06-28 03:07:29,605 INFO success: nginx entered RUNNING state, process has stayed up for > than 1 seconds (startsecs)
2025-06-28 03:07:31,978 WARN exited: nginx (exit status 1; not expected)
2025-06-28 03:07:32,982 INFO spawned: 'nginx' with pid 41
2025-06-28 03:07:33,984 INFO success: nginx entered RUNNING state, process has stayed up for > than 1 seconds (startsecs)
2025-06-28 03:07:36,300 WARN exited: nginx (exit status 1; not expected)
2025-06-28 03:07:37,305 INFO spawned: 'nginx' with pid 42
2025-06-28 03:07:38,309 INFO success: nginx entered RUNNING state, process has stayed up for > than 1 seconds (startsecs)
2025-06-28 03:07:40,600 WARN exited: nginx (exit status 1; not expected)
2025-06-28 03:07:41,604 INFO spawned: 'nginx' with pid 43
2025-06-28 03:07:42,606 INFO success: nginx entered RUNNING state, process has stayed up for > than 1 seconds (startsecs)
2025-06-28 03:07:44,917 WARN exited: nginx (exit status 1; not expected)
2025-06-28 03:07:45,921 INFO spawned: 'nginx' with pid 44
2025-06-28 03:07:46,922 INFO success: nginx entered RUNNING state, process has stayed up for > than 1 seconds (startsecs)
2025-06-28 03:07:49,218 WARN exited: nginx (exit status 1; not expected)
2025-06-28 03:07:50,222 INFO spawned: 'nginx' with pid 45
2025-06-28 03:07:51,224 INFO success: nginx entered RUNNING state, process has stayed up for > than 1 seconds (startsecs)
2025-06-28 03:07:53,545 WARN exited: nginx (exit status 1; not expected)
2025-06-28 03:07:54,549 INFO spawned: 'nginx' with pid 46
2025-06-28 03:07:55,552 INFO success: nginx entered RUNNING state, process has stayed up for > than 1 seconds (startsecs)
2025-06-28 03:07:57,916 WARN exited: nginx (exit status 1; not expected)
2025-06-28 03:07:58,921 INFO spawned: 'nginx' with pid 47
2025-06-28 03:07:59,923 INFO success: nginx entered RUNNING state, process has stayed up for > than 1 seconds (startsecs)
2025-06-28 03:08:02,230 WARN exited: nginx (exit status 1; not expected)
2025-06-28 03:08:03,233 INFO spawned: 'nginx' with pid 48
2025-06-28 03:08:04,236 INFO success: nginx entered RUNNING state, process has stayed up for > than 1 seconds (startsecs)
2025-06-28 03:08:06,599 WARN exited: nginx (exit status 1; not expected)
2025-06-28 03:08:07,604 INFO spawned: 'nginx' with pid 49
2025-06-28 03:08:08,607 INFO success: nginx entered RUNNING state, process has stayed up for > than 1 seconds (startsecs)
2025-06-28 03:08:10,924 WARN exited: nginx (exit status 1; not expected)
2025-06-28 03:08:11,928 INFO spawned: 'nginx' with pid 50
2025-06-28 03:08:12,930 INFO success: nginx entered RUNNING state, process has stayed up for > than 1 seconds (startsecs)
2025-06-28 03:08:15,232 WARN received SIGQUIT indicating exit request
2025-06-28 03:08:15,233 INFO waiting for nginx, php-fpm to die
2025-06-28 03:08:15,243 WARN exited: nginx (exit status 1; not expected)
2025-06-28 03:08:15,258 INFO stopped: php-fpm (exit status 0)
2025-06-28 03:09:10,360 CRIT Supervisor is running as root.  Privileges were not dropped because no user is specified in the config file.  If you intend to run as root, you can set user=root in the config file to avoid this message.
2025-06-28 03:09:10,371 INFO supervisord started with pid 1
2025-06-28 03:09:11,375 INFO spawned: 'nginx' with pid 7
2025-06-28 03:09:11,378 INFO spawned: 'php-fpm' with pid 8
2025-06-28 03:09:11,389 WARN exited: nginx (exit status 1; not expected)
2025-06-28 03:09:12,433 INFO spawned: 'nginx' with pid 11
2025-06-28 03:09:12,434 INFO success: php-fpm entered RUNNING state, process has stayed up for > than 1 seconds (startsecs)
2025-06-28 03:09:12,444 WARN exited: nginx (exit status 1; not expected)
2025-06-28 03:09:14,449 INFO spawned: 'nginx' with pid 12
2025-06-28 03:09:14,461 WARN exited: nginx (exit status 1; not expected)
2025-06-28 03:09:17,466 INFO spawned: 'nginx' with pid 13
2025-06-28 03:09:17,477 WARN exited: nginx (exit status 1; not expected)
2025-06-28 03:09:18,479 INFO gave up: nginx entered FATAL state, too many start retries too quickly
2025-06-28 03:13:45,790 WARN received SIGQUIT indicating exit request
2025-06-28 03:13:45,791 INFO waiting for php-fpm to die
2025-06-28 03:13:45,813 INFO stopped: php-fpm (exit status 0)
2025-06-28 03:14:34,247 CRIT Supervisor is running as root.  Privileges were not dropped because no user is specified in the config file.  If you intend to run as root, you can set user=root in the config file to avoid this message.
2025-06-28 03:14:34,255 INFO supervisord started with pid 1
2025-06-28 03:14:35,260 INFO spawned: 'nginx' with pid 7
2025-06-28 03:14:35,262 INFO spawned: 'php-fpm' with pid 8
2025-06-28 03:14:35,282 WARN exited: nginx (exit status 1; not expected)
2025-06-28 03:14:36,321 INFO spawned: 'nginx' with pid 11
2025-06-28 03:14:36,322 INFO success: php-fpm entered RUNNING state, process has stayed up for > than 1 seconds (startsecs)
2025-06-28 03:14:36,330 WARN exited: nginx (exit status 1; not expected)
2025-06-28 03:14:38,334 INFO spawned: 'nginx' with pid 12
2025-06-28 03:14:38,341 WARN exited: nginx (exit status 1; not expected)
2025-06-28 03:14:41,349 INFO spawned: 'nginx' with pid 13
2025-06-28 03:14:41,356 WARN exited: nginx (exit status 1; not expected)
2025-06-28 03:14:42,358 INFO gave up: nginx entered FATAL state, too many start retries too quickly
2025-06-28 03:21:08,800 WARN received SIGQUIT indicating exit request
2025-06-28 03:21:08,801 INFO waiting for php-fpm to die
2025-06-28 03:21:08,822 INFO stopped: php-fpm (exit status 0)
2025-06-28 03:22:48,371 CRIT Supervisor is running as root.  Privileges were not dropped because no user is specified in the config file.  If you intend to run as root, you can set user=root in the config file to avoid this message.
2025-06-28 03:22:48,381 INFO supervisord started with pid 1
2025-06-28 03:22:49,385 INFO spawned: 'nginx' with pid 7
2025-06-28 03:22:49,389 INFO spawned: 'php-fpm' with pid 8
2025-06-28 03:22:49,401 WARN exited: nginx (exit status 1; not expected)
2025-06-28 03:22:50,452 INFO spawned: 'nginx' with pid 11
2025-06-28 03:22:50,453 INFO success: php-fpm entered RUNNING state, process has stayed up for > than 1 seconds (startsecs)
2025-06-28 03:22:50,459 WARN exited: nginx (exit status 1; not expected)
2025-06-28 03:22:52,464 INFO spawned: 'nginx' with pid 12
2025-06-28 03:22:52,471 WARN exited: nginx (exit status 1; not expected)
2025-06-28 03:22:55,477 INFO spawned: 'nginx' with pid 13
2025-06-28 03:22:55,485 WARN exited: nginx (exit status 1; not expected)
2025-06-28 03:22:56,487 INFO gave up: nginx entered FATAL state, too many start retries too quickly
2025-06-28 03:23:33,530 WARN received SIGQUIT indicating exit request
2025-06-28 03:23:33,531 INFO waiting for php-fpm to die
2025-06-28 03:23:33,544 INFO stopped: php-fpm (exit status 0)
2025-06-28 03:30:15,507 CRIT Supervisor is running as root.  Privileges were not dropped because no user is specified in the config file.  If you intend to run as root, you can set user=root in the config file to avoid this message.
2025-06-28 03:30:15,513 INFO supervisord started with pid 1
2025-06-28 03:30:16,516 INFO spawned: 'nginx' with pid 7
2025-06-28 03:30:16,518 INFO spawned: 'php-fpm' with pid 8
2025-06-28 03:30:16,523 WARN exited: nginx (exit status 1; not expected)
2025-06-28 03:30:17,567 INFO spawned: 'nginx' with pid 11
2025-06-28 03:30:17,568 INFO success: php-fpm entered RUNNING state, process has stayed up for > than 1 seconds (startsecs)
2025-06-28 03:30:17,575 WARN exited: nginx (exit status 1; not expected)
2025-06-28 03:30:19,580 INFO spawned: 'nginx' with pid 12
2025-06-28 03:30:19,589 WARN exited: nginx (exit status 1; not expected)
2025-06-28 03:30:22,596 INFO spawned: 'nginx' with pid 13
2025-06-28 03:30:22,616 WARN exited: nginx (exit status 1; not expected)
2025-06-28 03:30:23,628 INFO gave up: nginx entered FATAL state, too many start retries too quickly
2025-06-28 03:33:13,823 WARN received SIGQUIT indicating exit request
2025-06-28 03:33:13,824 INFO waiting for php-fpm to die
2025-06-28 03:33:13,831 INFO stopped: php-fpm (exit status 0)
